2026-03-13T06:59:42.731Z - Login attempt for: admin@elitereal.com
2026-03-13T06:59:42.785Z - User not found
2026-03-13T06:59:51.834Z - Login attempt for: admin@elitereal.com
2026-03-13T06:59:51.958Z - User not found
2026-03-13T06:59:55.138Z - Login attempt for: admin@elitereal.com
2026-03-13T06:59:55.237Z - User not found
2026-03-13T07:01:08.144Z - Login attempt for: admin@elitereal.com
2026-03-13T07:01:08.349Z - User not found
2026-03-13T07:01:21.164Z - Login attempt for: admin@elitereal.com
2026-03-13T07:01:21.573Z - User not found
2026-03-13T10:00:32.488Z - Login attempt for: pikabhu31st@gmail.com
2026-03-13T10:00:32.528Z - User found, comparing password...
2026-03-13T10:00:32.682Z - Password match, generating token...
2026-03-13T10:17:31.284Z - Login attempt for: admin@elitereal.com
2026-03-13T10:17:31.339Z - User found, comparing password...
2026-03-13T10:17:31.542Z - Password mismatch
2026-03-13T10:17:38.476Z - Login attempt for: admin@elitereal.com
2026-03-13T10:17:38.534Z - User found, comparing password...
2026-03-13T10:17:38.664Z - Password mismatch
2026-03-13T10:18:01.734Z - Login attempt for: admin@elitereal.com
2026-03-13T10:18:01.785Z - User found, comparing password...
2026-03-13T10:18:01.917Z - Password mismatch
2026-03-13T10:18:12.206Z - Login attempt for: admin@elitereal.com
2026-03-13T10:18:12.267Z - User found, comparing password...
2026-03-13T10:18:12.422Z - Password mismatch
2026-03-13T10:18:29.892Z - Login attempt for: admin@elitereal
2026-03-13T10:18:29.947Z - User not found
2026-03-13T10:18:31.699Z - Login attempt for: admin@elitereal
2026-03-13T10:18:31.748Z - User not found
2026-03-13T10:19:27.650Z - Login attempt for: admin@elitereal.com
2026-03-13T10:19:27.704Z - User found, comparing password...
2026-03-13T10:19:27.834Z - Password mismatch
2026-03-13T10:19:42.917Z - Login attempt for: admin@elitereal.com
2026-03-13T10:19:42.970Z - User found, comparing password...
2026-03-13T10:19:43.103Z - Password mismatch
2026-03-13T10:19:43.668Z - Login attempt for: admin@elitereal.com
2026-03-13T10:19:43.723Z - User found, comparing password...
2026-03-13T10:19:43.855Z - Login attempt for: admin@elitereal.com
2026-03-13T10:19:43.857Z - Password mismatch
2026-03-13T10:19:43.908Z - User found, comparing password...
2026-03-13T10:19:44.053Z - Login attempt for: admin@elitereal.com
2026-03-13T10:19:44.055Z - Password mismatch
2026-03-13T10:19:44.104Z - User found, comparing password...
2026-03-13T10:19:44.237Z - Login attempt for: admin@elitereal.com
2026-03-13T10:19:44.239Z - Password mismatch
2026-03-13T10:19:44.289Z - User found, comparing password...
2026-03-13T10:19:44.427Z - Password mismatch
2026-03-13T10:20:13.392Z - Login attempt for: admin@elitereal.com
2026-03-13T10:20:13.444Z - User found, comparing password...
2026-03-13T10:20:13.583Z - Password mismatch
2026-03-13T10:20:31.561Z - Login attempt for: harleen@elitereal.com
2026-03-13T10:20:31.609Z - User not found
2026-03-13T10:20:36.394Z - Login attempt for: harleen@elitereal.com
2026-03-13T10:20:36.454Z - User not found
2026-03-13T10:20:50.596Z - Login attempt for: harleen@elitereal
2026-03-13T10:20:50.651Z - User not found
2026-03-13T15:38:53.552Z - Login attempt for: harleen@admin.com
2026-03-13T15:38:53.675Z - User found, comparing password...
2026-03-13T15:38:53.844Z - Password match, generating token...
2026-03-13T15:49:25.657Z - Login attempt for: harleen@admin.com
2026-03-13T15:49:25.902Z - User found, comparing password...
2026-03-13T15:49:26.045Z - Password match, generating token...
2026-03-13T15:59:16.522Z - Login attempt for: harleen@admin.com
2026-03-13T15:59:16.821Z - User found, comparing password...
2026-03-13T15:59:16.972Z - Password match, generating token...
2026-03-13T16:09:41.668Z - Login attempt for: harleen@admin.com
2026-03-13T16:09:42.646Z - User found, comparing password...
2026-03-13T16:09:42.789Z - Password mismatch
2026-03-13T16:09:50.656Z - Login attempt for: harleen@admin.com
2026-03-13T16:09:50.831Z - User found, comparing password...
2026-03-13T16:09:50.974Z - Password mismatch
2026-03-13T16:09:51.684Z - Login attempt for: harleen@admin.com
2026-03-13T16:09:51.813Z - User found, comparing password...
2026-03-13T16:09:51.956Z - Password mismatch
2026-03-13T16:10:10.660Z - Login attempt for: harleen@admin.com
2026-03-13T16:10:10.902Z - User found, comparing password...
2026-03-13T16:10:11.044Z - Password match, generating token...
2026-03-13T16:11:58.859Z - Login attempt for: harleen@admin.com
2026-03-13T16:11:58.967Z - User found, comparing password...
2026-03-13T16:11:59.120Z - Password match, generating token...
2026-03-13T16:17:54.720Z - Login attempt for: harleen@admin.com
2026-03-13T16:17:55.170Z - User found, comparing password...
2026-03-13T16:17:55.319Z - Password match, generating token...
2026-03-13T16:19:20.302Z - Login attempt for: harleen@admin.com
2026-03-13T16:19:21.797Z - User found, comparing password...
2026-03-13T16:19:21.940Z - Password match, generating token...
2026-03-13T16:30:37.845Z - Login attempt for: harleen@admin.com
2026-03-13T16:30:40.825Z - Login attempt for: harleen@admin.com
2026-03-13T16:30:43.248Z - Login attempt for: harleen@admin.com
2026-03-13T16:30:50.736Z - User found, comparing password...
2026-03-13T16:30:50.900Z - User found, comparing password...
2026-03-13T16:30:51.003Z - Password match, generating token...
2026-03-13T16:30:51.060Z - Password match, generating token...
2026-03-13T16:30:57.141Z - User found, comparing password...
2026-03-13T16:30:57.288Z - Password match, generating token...
2026-03-13T16:31:04.491Z - Login attempt for: harleen@admin.com
2026-03-13T16:31:04.775Z - User found, comparing password...
2026-03-13T16:31:04.931Z - Password match, generating token...
2026-03-14T06:28:45.333Z - Login attempt for: harleen@admin.com
2026-03-14T06:28:45.558Z - User found, comparing password...
2026-03-14T06:28:45.744Z - Password match, generating token...
2026-03-14T09:48:07.476Z - Login attempt for: pikabhu31st@gmail.com
2026-03-14T09:48:07.702Z - User found, comparing password...
2026-03-14T09:48:07.848Z - Password match, generating token...
2026-03-14T09:48:49.882Z - Login attempt for: harleen@admin.com
2026-03-14T09:48:50.192Z - User found, comparing password...
2026-03-14T09:48:50.361Z - Password match, generating token...
2026-03-14T11:37:18.987Z - Login attempt for: harleen@admin.com
2026-03-14T11:37:19.295Z - User found, comparing password...
2026-03-14T11:37:19.469Z - Password match, generating token...
